build/app/intermediates/manifest_merge_blame_file/release/manifest-merger-blame-release-report.txt
1<?xml version="1.0" encoding="utf-8"?>
2<manifest xmlns:android="http://schemas.android.com/apk/res/android"
3    package="com.jsfengqu.smartbra"
4    android:versionCode="1"
5    android:versionName="1.0" >
6
7    <uses-sdk
8        android:minSdkVersion="19"
8-->src/main/AndroidManifest.xml
9        android:targetSdkVersion="31" />
9-->src/main/AndroidManifest.xml
10
11    <uses-permission
11-->src/main/AndroidManifest.xml:36:5-68
12        android:name="android.permission.BLUETOOTH"
12-->src/main/AndroidManifest.xml:36:22-65
13        android:maxSdkVersion="30" />
13-->[:flutter_blue_plus] AndroidManifest.xml:25:9-35
14    <uses-permission
14-->src/main/AndroidManifest.xml:37:5-74
15        android:name="android.permission.BLUETOOTH_ADMIN"
15-->src/main/AndroidManifest.xml:37:22-71
16        android:maxSdkVersion="30" />
16-->[:flutter_blue_plus] AndroidManifest.xml:28:9-35
17    <uses-permission android:name="android.permission.ACCESS_COARSE_LOCATION" />
17-->src/main/AndroidManifest.xml:38:5-80
17-->src/main/AndroidManifest.xml:38:22-78
18    <!--
19         New Bluetooth permissions in Android 12
20           https://developer.android.com/about/versions/12/features/bluetooth-permissions
21    -->
22    <!--
23         Include "neverForLocation" only if you can strongly assert that
24           your app never derives physical location from Bluetooth scan results.
25    -->
26    <uses-permission
26-->[:flutter_blue_plus] AndroidManifest.xml:17:5-19:58
27        android:name="android.permission.BLUETOOTH_SCAN"
27-->[:flutter_blue_plus] AndroidManifest.xml:18:9-57
28        android:usesPermissionFlags="neverForLocation" />
28-->[:flutter_blue_plus] AndroidManifest.xml:19:9-55
29    <uses-permission android:name="android.permission.BLUETOOTH_CONNECT" />
29-->[:flutter_blue_plus] AndroidManifest.xml:20:5-76
29-->[:flutter_blue_plus] AndroidManifest.xml:20:22-73
30    <uses-permission android:name="android.permission.ACCESS_FINE_LOCATION" />
30-->[:flutter_blue_plus] AndroidManifest.xml:29:5-79
30-->[:flutter_blue_plus] AndroidManifest.xml:29:22-76
31
32    <application
33        android:name="android.app.Application"
33-->src/main/AndroidManifest.xml:5:9-42
34        android:appComponentFactory="androidx.core.app.CoreComponentFactory"
34-->[androidx.core:core:1.6.0] AndroidManifest.xml:24:18-86
35        android:icon="@mipmap/ic_launcher"
35-->src/main/AndroidManifest.xml:6:9-43
36        android:label="沣趣智能文胸" >
36-->src/main/AndroidManifest.xml:4:9-31
37        <activity
37-->src/main/AndroidManifest.xml:8:9-28:20
38            android:name="com.jsfengqu.smartbra.MainActivity"
38-->src/main/AndroidManifest.xml:9:13-41
39            android:configChanges="orientation|keyboardHidden|keyboard|screenSize|smallestScreenSize|locale|layoutDirection|fontScale|screenLayout|density|uiMode"
39-->src/main/AndroidManifest.xml:13:13-163
40            android:exported="true"
40-->src/main/AndroidManifest.xml:10:13-36
41            android:hardwareAccelerated="true"
41-->src/main/AndroidManifest.xml:14:13-47
42            android:launchMode="singleTop"
42-->src/main/AndroidManifest.xml:11:13-43
43            android:theme="@style/LaunchTheme"
43-->src/main/AndroidManifest.xml:12:13-47
44            android:windowSoftInputMode="adjustResize" >
44-->src/main/AndroidManifest.xml:15:13-55
45
46            <!--
47                 Specifies an Android theme to apply to this Activity as soon as
48                 the Android process has started. This theme is visible to the user
49                 while the Flutter UI initializes. After that, this theme continues
50                 to determine the Window background behind the Flutter UI.
51            -->
52            <meta-data
52-->src/main/AndroidManifest.xml:20:13-23:17
53                android:name="io.flutter.embedding.android.NormalTheme"
53-->src/main/AndroidManifest.xml:21:15-70
54                android:resource="@style/NormalTheme" />
54-->src/main/AndroidManifest.xml:22:15-52
55
56            <intent-filter>
56-->src/main/AndroidManifest.xml:24:13-27:29
57                <action android:name="android.intent.action.MAIN" />
57-->src/main/AndroidManifest.xml:25:17-68
57-->src/main/AndroidManifest.xml:25:25-66
58
59                <category android:name="android.intent.category.LAUNCHER" />
59-->src/main/AndroidManifest.xml:26:17-76
59-->src/main/AndroidManifest.xml:26:27-74
60            </intent-filter>
61        </activity>
62        <!--
63             Don't delete the meta-data below.
64             This is used by the Flutter tool to generate GeneratedPluginRegistrant.java
65        -->
66        <meta-data
66-->src/main/AndroidManifest.xml:31:9-33:33
67            android:name="flutterEmbedding"
67-->src/main/AndroidManifest.xml:32:13-44
68            android:value="2" />
68-->src/main/AndroidManifest.xml:33:13-30
69
70        <uses-library
70-->[androidx.window:window:1.0.0-beta04] AndroidManifest.xml:25:9-27:40
71            android:name="androidx.window.extensions"
71-->[androidx.window:window:1.0.0-beta04] AndroidManifest.xml:26:13-54
72            android:required="false" />
72-->[androidx.window:window:1.0.0-beta04] AndroidManifest.xml:27:13-37
73        <uses-library
73-->[androidx.window:window:1.0.0-beta04] AndroidManifest.xml:28:9-30:40
74            android:name="androidx.window.sidecar"
74-->[androidx.window:window:1.0.0-beta04] AndroidManifest.xml:29:13-51
75            android:required="false" />
75-->[androidx.window:window:1.0.0-beta04] AndroidManifest.xml:30:13-37
76    </application>
77
78</manifest>